<?xml version="1.0" encoding="UTF-8"?>
<!-- Generated by org.testng.reporters.JUnitReportReporter -->
<testsuite skipped="0" hostname="ashaarun" name="Practise.AppiumFramework.TC02" tests="2" failures="0" timestamp="2020-08-15T19:50:14 IST" time="50.752" errors="0">
  <testcase name="OpenApp" time="16.567" classname="Practise.AppiumFramework.TC02"/>
  <system-out/>
  <testcase name="Login" time="34.185" classname="Practise.AppiumFramework.TC02"/>
  <system-out/>
</testsuite> <!-- Practise.AppiumFramework.TC02 -->
