<?xml version="1.0" encoding="UTF-8"?>
<!-- Generated by org.testng.reporters.JUnitReportReporter -->
<testsuite skipped="0" hostname="ashaarun" name="Practise.AppiumFramework.TC01" tests="1" failures="0" timestamp="2020-08-15T19:00:35 IST" time="16.169" errors="0">
  <testcase name="OpenApp" time="16.169" classname="Practise.AppiumFramework.TC01"/>
  <system-out/>
</testsuite> <!-- Practise.AppiumFramework.TC01 -->
