<?xml version="1.0" encoding="UTF-8"?>
<!-- Generated by org.testng.reporters.JUnitReportReporter -->
<testsuite skipped="0" hostname="ashaarun" name="Practise.AppiumFramework.TC04" tests="3" failures="0" timestamp="2020-08-17T12:57:18 IST" time="63.255" errors="0">
  <testcase name="GetStarted" time="33.730" classname="Practise.AppiumFramework.TC04"/>
  <system-out/>
  <testcase name="Login" time="10.155" classname="Practise.AppiumFramework.TC04"/>
  <system-out/>
  <testcase name="OpenApp" time="19.370" classname="Practise.AppiumFramework.TC04"/>
  <system-out/>
</testsuite> <!-- Practise.AppiumFramework.TC04 -->
